<?xml version="1.0" encoding="UTF-8"?>
<!-- Generated by org.testng.reporters.JUnitReportReporter -->
<testsuite hostname="DESKTOP-I98RHNG" failures="0" tests="1" name="practice.DataBase" time="1.205" errors="0" timestamp="2022-12-07T12:42:13 IST" skipped="0">
  <testcase classname="practice.DataBase" name="connect" time="1.205"/>
  <system-out/>
</testsuite> <!-- practice.DataBase -->
