<?xml version="1.0" encoding="UTF-8"?>
<!-- Generated by org.testng.reporters.JUnitReportReporter -->
<testsuite hostname="DESKTOP-I98RHNG" failures="0" tests="1" name="testScript.Ts1" time="102.704" errors="0" timestamp="2022-12-05T22:22:13 IST" skipped="0">
  <testcase classname="testScript.Ts1" name="script" time="102.704"/>
  <system-out/>
</testsuite> <!-- testScript.Ts1 -->
