<?xml version="1.0" encoding="UTF-8"?>
<!-- Generated by org.testng.reporters.JUnitReportReporter -->
<testsuite hostname="DESKTOP-I98RHNG" failures="0" tests="1" name="runner.Ts1" time="57.945" errors="0" timestamp="2022-12-10T12:16:12 IST" skipped="0">
  <testcase classname="runner.Ts1" name="runScenario" time="57.945"/>
  <system-out/>
</testsuite> <!-- runner.Ts1 -->
